<?xml version="1.0" encoding="UTF-8"?>
<!-- Generated by org.testng.reporters.JUnitReportReporter -->
<testsuite hostname="IN-70GZ9K3" failures="0" tests="1" name="Jenkins_Assignment.Jenkins_A.AppTest" time="0.017" errors="0" timestamp="2024-07-07T16:10:11 IST" skipped="0">
  <testcase classname="Jenkins_Assignment.Jenkins_A.AppTest" name="shouldAnswerWithTrue" time="0.017"/>
  <system-out/>
</testsuite> <!-- Jenkins_Assignment.Jenkins_A.AppTest -->
